2022/04/05 15:07:27 [emerg] 1#1: host not found in upstream "app-tier" in /etc/nginx/conf.d/looklook-gateway.conf:7
2022/04/05 15:07:40 [emerg] 1#1: host not found in upstream "app-tier" in /etc/nginx/conf.d/looklook-gateway.conf:7
2022/04/05 15:07:52 [emerg] 1#1: host not found in upstream "app-tier" in /etc/nginx/conf.d/looklook-gateway.conf:7
2022/04/05 15:08:05 [emerg] 1#1: host not found in upstream "app-tier" in /etc/nginx/conf.d/looklook-gateway.conf:7
2022/04/05 15:08:17 [emerg] 1#1: host not found in upstream "app-tier" in /etc/nginx/conf.d/looklook-gateway.conf:7
2022/04/05 15:08:29 [emerg] 1#1: host not found in upstream "app-tier" in /etc/nginx/conf.d/looklook-gateway.conf:7
2022/04/05 15:08:42 [emerg] 1#1: host not found in upstream "app-tier" in /etc/nginx/conf.d/looklook-gateway.conf:7
2022/04/05 15:08:54 [emerg] 1#1: host not found in upstream "app-tier" in /etc/nginx/conf.d/looklook-gateway.conf:7
2022/04/05 15:09:07 [emerg] 1#1: host not found in upstream "app-tier" in /etc/nginx/conf.d/looklook-gateway.conf:7
2022/04/05 15:09:19 [emerg] 1#1: host not found in upstream "app-tier" in /etc/nginx/conf.d/looklook-gateway.conf:7
2022/04/05 15:09:32 [emerg] 1#1: host not found in upstream "app-tier" in /etc/nginx/conf.d/looklook-gateway.conf:7
2022/04/05 15:09:44 [emerg] 1#1: host not found in upstream "app-tier" in /etc/nginx/conf.d/looklook-gateway.conf:7
2022/04/05 15:09:56 [emerg] 1#1: host not found in upstream "app-tier" in /etc/nginx/conf.d/looklook-gateway.conf:7
2022/04/05 15:10:09 [emerg] 1#1: host not found in upstream "app-tier" in /etc/nginx/conf.d/looklook-gateway.conf:7
2022/04/05 15:10:21 [emerg] 1#1: host not found in upstream "app-tier" in /etc/nginx/conf.d/looklook-gateway.conf:7
2022/04/05 15:10:34 [emerg] 1#1: host not found in upstream "app-tier" in /etc/nginx/conf.d/looklook-gateway.conf:7
2022/04/05 15:10:46 [emerg] 1#1: host not found in upstream "app-tier" in /etc/nginx/conf.d/looklook-gateway.conf:7
2022/04/05 15:10:59 [emerg] 1#1: host not found in upstream "app-tier" in /etc/nginx/conf.d/looklook-gateway.conf:7
2022/04/05 15:11:11 [emerg] 1#1: host not found in upstream "app-tier" in /etc/nginx/conf.d/looklook-gateway.conf:7
2022/04/05 15:11:23 [emerg] 1#1: host not found in upstream "app-tier" in /etc/nginx/conf.d/looklook-gateway.conf:7
2022/04/05 15:11:36 [emerg] 1#1: host not found in upstream "app-tier" in /etc/nginx/conf.d/looklook-gateway.conf:7
2022/04/05 15:11:48 [emerg] 1#1: host not found in upstream "app-tier" in /etc/nginx/conf.d/looklook-gateway.conf:7
2022/04/05 15:12:00 [emerg] 1#1: host not found in upstream "app-tier" in /etc/nginx/conf.d/looklook-gateway.conf:7
2022/04/05 15:12:13 [emerg] 1#1: host not found in upstream "app-tier" in /etc/nginx/conf.d/looklook-gateway.conf:7
2022/04/05 15:12:25 [emerg] 1#1: host not found in upstream "app-tier" in /etc/nginx/conf.d/looklook-gateway.conf:7
2022/04/05 15:12:37 [emerg] 1#1: host not found in upstream "app-tier" in /etc/nginx/conf.d/looklook-gateway.conf:7
2022/04/05 15:12:50 [emerg] 1#1: host not found in upstream "app-tier" in /etc/nginx/conf.d/looklook-gateway.conf:7
2022/04/05 15:13:04 [emerg] 1#1: host not found in upstream "app-tier" in /etc/nginx/conf.d/looklook-gateway.conf:7
2022/04/05 15:13:19 [emerg] 1#1: host not found in upstream "app-tier" in /etc/nginx/conf.d/looklook-gateway.conf:7
2022/04/05 15:13:32 [emerg] 1#1: host not found in upstream "app-tier" in /etc/nginx/conf.d/looklook-gateway.conf:7
2022/04/05 15:13:45 [emerg] 1#1: host not found in upstream "app-tier" in /etc/nginx/conf.d/looklook-gateway.conf:7
2022/04/05 15:13:58 [emerg] 1#1: host not found in upstream "app-tier" in /etc/nginx/conf.d/looklook-gateway.conf:7
2022/04/05 15:14:10 [emerg] 1#1: host not found in upstream "app-tier" in /etc/nginx/conf.d/looklook-gateway.conf:7
2022/04/05 15:14:23 [emerg] 1#1: host not found in upstream "app-tier" in /etc/nginx/conf.d/looklook-gateway.conf:7
2022/04/05 15:14:37 [emerg] 1#1: host not found in upstream "app-tier" in /etc/nginx/conf.d/looklook-gateway.conf:7
2022/04/05 15:14:50 [emerg] 1#1: host not found in upstream "app-tier" in /etc/nginx/conf.d/looklook-gateway.conf:7
2022/04/05 15:15:05 [emerg] 1#1: host not found in upstream "app-tier" in /etc/nginx/conf.d/looklook-gateway.conf:7
2022/04/05 15:15:18 [emerg] 1#1: host not found in upstream "app-tier" in /etc/nginx/conf.d/looklook-gateway.conf:7
2022/04/05 15:15:30 [emerg] 1#1: host not found in upstream "app-tier" in /etc/nginx/conf.d/looklook-gateway.conf:7
2022/04/05 15:15:42 [emerg] 1#1: host not found in upstream "app-tier" in /etc/nginx/conf.d/looklook-gateway.conf:7
2022/04/05 15:15:54 [emerg] 1#1: host not found in upstream "app-tier" in /etc/nginx/conf.d/looklook-gateway.conf:7
2022/04/05 15:16:07 [emerg] 1#1: host not found in upstream "app-tier" in /etc/nginx/conf.d/looklook-gateway.conf:7
2022/04/05 15:16:20 [emerg] 1#1: host not found in upstream "app-tier" in /etc/nginx/conf.d/looklook-gateway.conf:7
2022/04/05 15:16:33 [emerg] 1#1: host not found in upstream "app-tier" in /etc/nginx/conf.d/looklook-gateway.conf:7
2022/04/05 15:16:46 [emerg] 1#1: host not found in upstream "app-tier" in /etc/nginx/conf.d/looklook-gateway.conf:7
2022/04/05 15:16:59 [emerg] 1#1: host not found in upstream "app-tier" in /etc/nginx/conf.d/looklook-gateway.conf:7
2022/04/05 15:17:11 [emerg] 1#1: host not found in upstream "app-tier" in /etc/nginx/conf.d/looklook-gateway.conf:7
2022/04/05 15:17:23 [emerg] 1#1: host not found in upstream "app-tier" in /etc/nginx/conf.d/looklook-gateway.conf:7
2022/04/05 15:17:36 [emerg] 1#1: host not found in upstream "app-tier" in /etc/nginx/conf.d/looklook-gateway.conf:7
2022/04/05 15:22:23 [emerg] 1#1: host not found in upstream "app-tier" in /etc/nginx/conf.d/looklook-gateway.conf:7
2022/04/05 15:22:36 [emerg] 1#1: host not found in upstream "app-tier" in /etc/nginx/conf.d/looklook-gateway.conf:7
2022/04/05 15:22:48 [emerg] 1#1: host not found in upstream "app-tier" in /etc/nginx/conf.d/looklook-gateway.conf:7
2022/04/05 15:23:00 [emerg] 1#1: host not found in upstream "app-tier" in /etc/nginx/conf.d/looklook-gateway.conf:7
2022/04/05 15:23:13 [emerg] 1#1: host not found in upstream "app-tier" in /etc/nginx/conf.d/looklook-gateway.conf:7
2022/04/05 15:23:25 [emerg] 1#1: host not found in upstream "app-tier" in /etc/nginx/conf.d/looklook-gateway.conf:7
2022/04/05 15:23:37 [emerg] 1#1: host not found in upstream "app-tier" in /etc/nginx/conf.d/looklook-gateway.conf:7
2022/04/05 15:23:49 [emerg] 1#1: host not found in upstream "app-tier" in /etc/nginx/conf.d/looklook-gateway.conf:7
2022/04/05 15:24:02 [emerg] 1#1: host not found in upstream "app-tier" in /etc/nginx/conf.d/looklook-gateway.conf:7
2022/04/05 15:24:14 [emerg] 1#1: host not found in upstream "app-tier" in /etc/nginx/conf.d/looklook-gateway.conf:7
2022/04/05 15:24:26 [emerg] 1#1: host not found in upstream "app-tier" in /etc/nginx/conf.d/looklook-gateway.conf:7
2022/04/05 15:24:39 [emerg] 1#1: host not found in upstream "app-tier" in /etc/nginx/conf.d/looklook-gateway.conf:7
2022/04/05 15:24:51 [emerg] 1#1: host not found in upstream "app-tier" in /etc/nginx/conf.d/looklook-gateway.conf:7
2022/04/05 15:25:04 [emerg] 1#1: host not found in upstream "app-tier" in /etc/nginx/conf.d/looklook-gateway.conf:7
2022/04/05 15:25:16 [emerg] 1#1: host not found in upstream "app-tier" in /etc/nginx/conf.d/looklook-gateway.conf:7
2022/04/05 15:25:28 [emerg] 1#1: host not found in upstream "app-tier" in /etc/nginx/conf.d/looklook-gateway.conf:7
2022/04/05 15:25:41 [emerg] 1#1: host not found in upstream "app-tier" in /etc/nginx/conf.d/looklook-gateway.conf:7
2022/04/05 15:25:53 [emerg] 1#1: host not found in upstream "app-tier" in /etc/nginx/conf.d/looklook-gateway.conf:7
2022/04/05 15:26:06 [emerg] 1#1: host not found in upstream "app-tier" in /etc/nginx/conf.d/looklook-gateway.conf:7
2022/04/05 15:26:18 [emerg] 1#1: host not found in upstream "app-tier" in /etc/nginx/conf.d/looklook-gateway.conf:7
2022/04/05 15:26:31 [emerg] 1#1: host not found in upstream "app-tier" in /etc/nginx/conf.d/looklook-gateway.conf:7
2022/04/05 15:26:43 [emerg] 1#1: host not found in upstream "app-tier" in /etc/nginx/conf.d/looklook-gateway.conf:7
2022/04/05 15:26:56 [emerg] 1#1: host not found in upstream "app-tier" in /etc/nginx/conf.d/looklook-gateway.conf:7
2022/04/05 15:27:08 [emerg] 1#1: host not found in upstream "app-tier" in /etc/nginx/conf.d/looklook-gateway.conf:7
2022/04/05 15:27:20 [emerg] 1#1: host not found in upstream "app-tier" in /etc/nginx/conf.d/looklook-gateway.conf:7
2022/04/05 15:27:32 [emerg] 1#1: host not found in upstream "app-tier" in /etc/nginx/conf.d/looklook-gateway.conf:7
2022/04/05 15:27:44 [emerg] 1#1: host not found in upstream "app-tier" in /etc/nginx/conf.d/looklook-gateway.conf:7
2022/04/05 15:27:57 [emerg] 1#1: host not found in upstream "app-tier" in /etc/nginx/conf.d/looklook-gateway.conf:7
2022/04/05 15:28:09 [emerg] 1#1: host not found in upstream "app-tier" in /etc/nginx/conf.d/looklook-gateway.conf:7
2022/04/05 15:28:22 [emerg] 1#1: host not found in upstream "app-tier" in /etc/nginx/conf.d/looklook-gateway.conf:7
2022/04/05 15:28:34 [emerg] 1#1: host not found in upstream "app-tier" in /etc/nginx/conf.d/looklook-gateway.conf:7
2022/04/05 15:28:47 [emerg] 1#1: host not found in upstream "app-tier" in /etc/nginx/conf.d/looklook-gateway.conf:7
2022/04/05 15:28:59 [emerg] 1#1: host not found in upstream "app-tier" in /etc/nginx/conf.d/looklook-gateway.conf:7
2022/04/05 15:29:12 [emerg] 1#1: host not found in upstream "app-tier" in /etc/nginx/conf.d/looklook-gateway.conf:7
2022/04/05 15:29:24 [emerg] 1#1: host not found in upstream "app-tier" in /etc/nginx/conf.d/looklook-gateway.conf:7
2022/04/05 15:29:37 [emerg] 1#1: host not found in upstream "app-tier" in /etc/nginx/conf.d/looklook-gateway.conf:7
2022/04/05 15:29:49 [emerg] 1#1: host not found in upstream "app-tier" in /etc/nginx/conf.d/looklook-gateway.conf:7
2022/04/05 15:30:02 [emerg] 1#1: host not found in upstream "app-tier" in /etc/nginx/conf.d/looklook-gateway.conf:7
2022/04/05 15:30:14 [emerg] 1#1: host not found in upstream "app-tier" in /etc/nginx/conf.d/looklook-gateway.conf:7
2022/04/05 15:30:27 [emerg] 1#1: host not found in upstream "app-tier" in /etc/nginx/conf.d/looklook-gateway.conf:7
2022/04/05 15:30:39 [emerg] 1#1: host not found in upstream "app-tier" in /etc/nginx/conf.d/looklook-gateway.conf:7
2022/04/05 15:30:52 [emerg] 1#1: host not found in upstream "app-tier" in /etc/nginx/conf.d/looklook-gateway.conf:7
2022/04/05 15:31:04 [emerg] 1#1: host not found in upstream "app-tier" in /etc/nginx/conf.d/looklook-gateway.conf:7
2022/04/05 15:31:16 [emerg] 1#1: host not found in upstream "app-tier" in /etc/nginx/conf.d/looklook-gateway.conf:7
2022/04/05 15:31:29 [emerg] 1#1: host not found in upstream "app-tier" in /etc/nginx/conf.d/looklook-gateway.conf:7
2022/04/05 15:31:41 [emerg] 1#1: host not found in upstream "app-tier" in /etc/nginx/conf.d/looklook-gateway.conf:7
2022/04/05 15:31:54 [emerg] 1#1: host not found in upstream "app-tier" in /etc/nginx/conf.d/looklook-gateway.conf:7
2022/04/05 15:32:06 [emerg] 1#1: host not found in upstream "app-tier" in /etc/nginx/conf.d/looklook-gateway.conf:7
2022/04/05 15:32:19 [emerg] 1#1: host not found in upstream "app-tier" in /etc/nginx/conf.d/looklook-gateway.conf:7
2022/04/05 15:32:31 [emerg] 1#1: host not found in upstream "app-tier" in /etc/nginx/conf.d/looklook-gateway.conf:7
2022/04/05 15:32:44 [emerg] 1#1: host not found in upstream "app-tier" in /etc/nginx/conf.d/looklook-gateway.conf:7
2022/04/05 15:32:56 [emerg] 1#1: host not found in upstream "app-tier" in /etc/nginx/conf.d/looklook-gateway.conf:7
2022/04/05 15:33:09 [emerg] 1#1: host not found in upstream "app-tier" in /etc/nginx/conf.d/looklook-gateway.conf:7
2022/04/05 15:33:21 [emerg] 1#1: host not found in upstream "app-tier" in /etc/nginx/conf.d/looklook-gateway.conf:7
2022/04/05 15:33:33 [emerg] 1#1: host not found in upstream "app-tier" in /etc/nginx/conf.d/looklook-gateway.conf:7
2022/04/05 15:33:46 [emerg] 1#1: host not found in upstream "app-tier" in /etc/nginx/conf.d/looklook-gateway.conf:7
2022/04/05 15:33:59 [emerg] 1#1: host not found in upstream "app-tier" in /etc/nginx/conf.d/looklook-gateway.conf:7
2022/04/05 15:34:11 [emerg] 1#1: host not found in upstream "app-tier" in /etc/nginx/conf.d/looklook-gateway.conf:7
2022/04/05 15:34:24 [emerg] 1#1: host not found in upstream "app-tier" in /etc/nginx/conf.d/looklook-gateway.conf:7
2022/04/05 15:34:37 [emerg] 1#1: host not found in upstream "app-tier" in /etc/nginx/conf.d/looklook-gateway.conf:7
2022/04/05 15:34:49 [emerg] 1#1: host not found in upstream "app-tier" in /etc/nginx/conf.d/looklook-gateway.conf:7
2022/04/05 15:35:02 [emerg] 1#1: host not found in upstream "app-tier" in /etc/nginx/conf.d/looklook-gateway.conf:7
2022/04/05 15:35:14 [emerg] 1#1: host not found in upstream "app-tier" in /etc/nginx/conf.d/looklook-gateway.conf:7
2022/04/05 15:35:27 [emerg] 1#1: host not found in upstream "app-tier" in /etc/nginx/conf.d/looklook-gateway.conf:7
2022/04/05 15:35:39 [emerg] 1#1: host not found in upstream "app-tier" in /etc/nginx/conf.d/looklook-gateway.conf:7
2022/04/05 15:35:52 [emerg] 1#1: host not found in upstream "app-tier" in /etc/nginx/conf.d/looklook-gateway.conf:7
2022/04/05 15:36:04 [emerg] 1#1: host not found in upstream "app-tier" in /etc/nginx/conf.d/looklook-gateway.conf:7
2022/04/05 15:36:17 [emerg] 1#1: host not found in upstream "app-tier" in /etc/nginx/conf.d/looklook-gateway.conf:7
2022/04/05 15:36:29 [emerg] 1#1: host not found in upstream "app-tier" in /etc/nginx/conf.d/looklook-gateway.conf:7
2022/04/05 15:36:42 [emerg] 1#1: host not found in upstream "app-tier" in /etc/nginx/conf.d/looklook-gateway.conf:7
2022/04/05 15:36:54 [emerg] 1#1: host not found in upstream "app-tier" in /etc/nginx/conf.d/looklook-gateway.conf:7
2022/04/05 15:37:07 [emerg] 1#1: host not found in upstream "app-tier" in /etc/nginx/conf.d/looklook-gateway.conf:7
2022/04/05 15:37:19 [emerg] 1#1: host not found in upstream "app-tier" in /etc/nginx/conf.d/looklook-gateway.conf:7
2022/04/05 15:37:32 [emerg] 1#1: host not found in upstream "app-tier" in /etc/nginx/conf.d/looklook-gateway.conf:7
2022/04/05 15:37:45 [emerg] 1#1: host not found in upstream "app-tier" in /etc/nginx/conf.d/looklook-gateway.conf:7
2022/04/05 15:37:57 [emerg] 1#1: host not found in upstream "app-tier" in /etc/nginx/conf.d/looklook-gateway.conf:7
2022/04/05 15:38:10 [emerg] 1#1: host not found in upstream "app-tier" in /etc/nginx/conf.d/looklook-gateway.conf:7
2022/04/05 15:38:23 [emerg] 1#1: host not found in upstream "app-tier" in /etc/nginx/conf.d/looklook-gateway.conf:7
2022/04/05 15:38:35 [emerg] 1#1: host not found in upstream "app-tier" in /etc/nginx/conf.d/looklook-gateway.conf:7
2022/04/05 15:38:48 [emerg] 1#1: host not found in upstream "app-tier" in /etc/nginx/conf.d/looklook-gateway.conf:7
2022/04/05 15:39:00 [emerg] 1#1: host not found in upstream "app-tier" in /etc/nginx/conf.d/looklook-gateway.conf:7
2022/04/05 15:39:13 [emerg] 1#1: host not found in upstream "app-tier" in /etc/nginx/conf.d/looklook-gateway.conf:7
2022/04/05 15:39:26 [emerg] 1#1: host not found in upstream "app-tier" in /etc/nginx/conf.d/looklook-gateway.conf:7
2022/04/05 15:39:38 [emerg] 1#1: host not found in upstream "app-tier" in /etc/nginx/conf.d/looklook-gateway.conf:7
2022/04/05 15:39:51 [emerg] 1#1: host not found in upstream "app-tier" in /etc/nginx/conf.d/looklook-gateway.conf:7
2022/04/05 15:40:03 [emerg] 1#1: host not found in upstream "app-tier" in /etc/nginx/conf.d/looklook-gateway.conf:7
2022/04/05 15:40:16 [emerg] 1#1: host not found in upstream "app-tier" in /etc/nginx/conf.d/looklook-gateway.conf:7
2022/04/05 15:40:29 [emerg] 1#1: host not found in upstream "app-tier" in /etc/nginx/conf.d/looklook-gateway.conf:7
2022/04/05 15:40:42 [emerg] 1#1: host not found in upstream "app-tier" in /etc/nginx/conf.d/looklook-gateway.conf:7
2022/04/05 15:40:54 [emerg] 1#1: host not found in upstream "app-tier" in /etc/nginx/conf.d/looklook-gateway.conf:7
2022/04/05 15:41:07 [emerg] 1#1: host not found in upstream "app-tier" in /etc/nginx/conf.d/looklook-gateway.conf:7
2022/04/05 15:41:19 [emerg] 1#1: host not found in upstream "app-tier" in /etc/nginx/conf.d/looklook-gateway.conf:7
2022/04/05 15:41:32 [emerg] 1#1: host not found in upstream "app-tier" in /etc/nginx/conf.d/looklook-gateway.conf:7
2022/04/05 15:41:45 [emerg] 1#1: host not found in upstream "app-tier" in /etc/nginx/conf.d/looklook-gateway.conf:7
2022/04/05 15:41:58 [emerg] 1#1: host not found in upstream "app-tier" in /etc/nginx/conf.d/looklook-gateway.conf:7
2022/04/05 15:42:10 [emerg] 1#1: host not found in upstream "app-tier" in /etc/nginx/conf.d/looklook-gateway.conf:7
2022/04/05 15:42:23 [emerg] 1#1: host not found in upstream "app-tier" in /etc/nginx/conf.d/looklook-gateway.conf:7
2022/04/05 15:42:36 [emerg] 1#1: host not found in upstream "app-tier" in /etc/nginx/conf.d/looklook-gateway.conf:7
2022/04/05 15:42:48 [emerg] 1#1: host not found in upstream "app-tier" in /etc/nginx/conf.d/looklook-gateway.conf:7
2022/04/05 15:43:00 [emerg] 1#1: host not found in upstream "app-tier" in /etc/nginx/conf.d/looklook-gateway.conf:7
2022/04/05 15:43:41 [emerg] 1#1: host not found in upstream "app-tier" in /etc/nginx/conf.d/looklook-gateway.conf:7
2022/04/05 15:43:53 [emerg] 1#1: host not found in upstream "app-tier" in /etc/nginx/conf.d/looklook-gateway.conf:7
2022/04/05 15:44:04 [emerg] 1#1: host not found in upstream "app-tier" in /etc/nginx/conf.d/looklook-gateway.conf:7
2022/04/05 15:44:16 [emerg] 1#1: host not found in upstream "app-tier" in /etc/nginx/conf.d/looklook-gateway.conf:7
2022/04/05 15:44:28 [emerg] 1#1: host not found in upstream "app-tier" in /etc/nginx/conf.d/looklook-gateway.conf:7
2022/04/05 15:44:40 [emerg] 1#1: host not found in upstream "app-tier" in /etc/nginx/conf.d/looklook-gateway.conf:7
2022/04/05 15:44:52 [emerg] 1#1: host not found in upstream "app-tier" in /etc/nginx/conf.d/looklook-gateway.conf:7
2022/04/05 15:45:04 [emerg] 1#1: host not found in upstream "app-tier" in /etc/nginx/conf.d/looklook-gateway.conf:7
2022/04/05 15:45:16 [emerg] 1#1: host not found in upstream "app-tier" in /etc/nginx/conf.d/looklook-gateway.conf:7
2022/04/05 15:45:27 [emerg] 1#1: host not found in upstream "app-tier" in /etc/nginx/conf.d/looklook-gateway.conf:7
2022/04/05 15:45:39 [emerg] 1#1: host not found in upstream "app-tier" in /etc/nginx/conf.d/looklook-gateway.conf:7
2022/04/05 15:45:51 [emerg] 1#1: host not found in upstream "app-tier" in /etc/nginx/conf.d/looklook-gateway.conf:7
2022/04/05 15:46:03 [emerg] 1#1: host not found in upstream "app-tier" in /etc/nginx/conf.d/looklook-gateway.conf:7
2022/04/05 15:46:15 [emerg] 1#1: host not found in upstream "app-tier" in /etc/nginx/conf.d/looklook-gateway.conf:7
2022/04/05 15:46:27 [emerg] 1#1: host not found in upstream "app-tier" in /etc/nginx/conf.d/looklook-gateway.conf:7
2022/04/05 15:46:38 [emerg] 1#1: host not found in upstream "app-tier" in /etc/nginx/conf.d/looklook-gateway.conf:7
2022/04/05 15:46:50 [emerg] 1#1: host not found in upstream "app-tier" in /etc/nginx/conf.d/looklook-gateway.conf:7
2022/04/05 15:47:02 [emerg] 1#1: host not found in upstream "app-tier" in /etc/nginx/conf.d/looklook-gateway.conf:7
2022/04/05 15:47:14 [emerg] 1#1: host not found in upstream "app-tier" in /etc/nginx/conf.d/looklook-gateway.conf:7
2022/04/05 15:47:26 [emerg] 1#1: host not found in upstream "app-tier" in /etc/nginx/conf.d/looklook-gateway.conf:7
2022/04/05 15:47:38 [emerg] 1#1: host not found in upstream "app-tier" in /etc/nginx/conf.d/looklook-gateway.conf:7
2022/04/05 15:47:50 [emerg] 1#1: host not found in upstream "app-tier" in /etc/nginx/conf.d/looklook-gateway.conf:7
2022/04/05 15:48:02 [emerg] 1#1: host not found in upstream "app-tier" in /etc/nginx/conf.d/looklook-gateway.conf:7
2022/04/05 15:48:14 [emerg] 1#1: host not found in upstream "app-tier" in /etc/nginx/conf.d/looklook-gateway.conf:7
2022/04/05 15:48:26 [emerg] 1#1: host not found in upstream "app-tier" in /etc/nginx/conf.d/looklook-gateway.conf:7
2022/04/05 15:48:38 [emerg] 1#1: host not found in upstream "app-tier" in /etc/nginx/conf.d/looklook-gateway.conf:7
2022/04/05 15:48:50 [emerg] 1#1: host not found in upstream "app-tier" in /etc/nginx/conf.d/looklook-gateway.conf:7
2022/04/05 15:49:02 [emerg] 1#1: host not found in upstream "app-tier" in /etc/nginx/conf.d/looklook-gateway.conf:7
2022/04/05 15:49:14 [emerg] 1#1: host not found in upstream "app-tier" in /etc/nginx/conf.d/looklook-gateway.conf:7
2022/04/05 15:49:26 [emerg] 1#1: host not found in upstream "app-tier" in /etc/nginx/conf.d/looklook-gateway.conf:7
2022/04/05 15:49:38 [emerg] 1#1: host not found in upstream "app-tier" in /etc/nginx/conf.d/looklook-gateway.conf:7
2022/04/05 15:49:50 [emerg] 1#1: host not found in upstream "app-tier" in /etc/nginx/conf.d/looklook-gateway.conf:7
2022/04/05 15:50:02 [emerg] 1#1: host not found in upstream "app-tier" in /etc/nginx/conf.d/looklook-gateway.conf:7
2022/04/05 15:50:13 [emerg] 1#1: host not found in upstream "app-tier" in /etc/nginx/conf.d/looklook-gateway.conf:7
2022/04/05 15:50:25 [emerg] 1#1: host not found in upstream "app-tier" in /etc/nginx/conf.d/looklook-gateway.conf:7
2022/04/05 15:50:37 [emerg] 1#1: host not found in upstream "app-tier" in /etc/nginx/conf.d/looklook-gateway.conf:7
2022/04/05 15:50:49 [notice] 1#1: using the "epoll" event method
2022/04/05 15:50:49 [notice] 1#1: nginx/1.21.5
2022/04/05 15:50:49 [notice] 1#1: built by gcc 10.2.1 20210110 (Debian 10.2.1-6) 
2022/04/05 15:50:49 [notice] 1#1: OS: Linux 5.10.16.3-microsoft-standard-WSL2
2022/04/05 15:50:49 [notice] 1#1: getrlimit(RLIMIT_NOFILE): 1048576:1048576
2022/04/05 15:50:49 [notice] 1#1: start worker processes
2022/04/05 15:50:49 [notice] 1#1: start worker process 22
2022/04/05 15:50:49 [notice] 1#1: start worker process 23
2022/04/05 15:50:49 [notice] 1#1: start worker process 24
2022/04/05 15:50:49 [notice] 1#1: start worker process 25
2022/04/05 15:50:49 [notice] 1#1: start worker process 26
2022/04/05 15:50:49 [notice] 1#1: start worker process 27
2022/04/05 15:50:49 [notice] 1#1: start worker process 28
2022/04/05 15:50:49 [notice] 1#1: start worker process 29
2022/04/05 15:50:49 [notice] 1#1: start worker process 30
2022/04/05 15:50:49 [notice] 1#1: start worker process 31
2022/04/05 15:50:49 [notice] 1#1: start worker process 32
2022/04/05 15:50:49 [notice] 1#1: start worker process 33
2022/04/05 15:50:49 [notice] 1#1: start worker process 34
2022/04/05 15:50:49 [notice] 1#1: start worker process 35
2022/04/05 15:50:49 [notice] 1#1: start worker process 36
2022/04/05 15:50:49 [notice] 1#1: start worker process 37
2022/04/05 15:50:51 [notice] 1#1: signal 3 (SIGQUIT) received, shutting down
2022/04/05 15:50:51 [notice] 22#22: gracefully shutting down
2022/04/05 15:50:51 [notice] 23#23: gracefully shutting down
2022/04/05 15:50:51 [notice] 25#25: gracefully shutting down
2022/04/05 15:50:51 [notice] 26#26: gracefully shutting down
2022/04/05 15:50:51 [notice] 28#28: gracefully shutting down
2022/04/05 15:50:51 [notice] 28#28: exiting
2022/04/05 15:50:51 [notice] 27#27: gracefully shutting down
2022/04/05 15:50:51 [notice] 27#27: exiting
2022/04/05 15:50:51 [notice] 30#30: gracefully shutting down
2022/04/05 15:50:51 [notice] 31#31: gracefully shutting down
2022/04/05 15:50:51 [notice] 33#33: gracefully shutting down
2022/04/05 15:50:51 [notice] 34#34: gracefully shutting down
2022/04/05 15:50:51 [notice] 35#35: gracefully shutting down
2022/04/05 15:50:51 [notice] 36#36: gracefully shutting down
2022/04/05 15:50:51 [notice] 24#24: gracefully shutting down
2022/04/05 15:50:51 [notice] 37#37: gracefully shutting down
2022/04/05 15:50:51 [notice] 32#32: gracefully shutting down
2022/04/05 15:50:51 [notice] 29#29: gracefully shutting down
2022/04/05 15:50:51 [notice] 22#22: exiting
2022/04/05 15:50:51 [notice] 23#23: exiting
2022/04/05 15:50:51 [notice] 25#25: exiting
2022/04/05 15:50:51 [notice] 26#26: exiting
2022/04/05 15:50:51 [notice] 28#28: exit
2022/04/05 15:50:51 [notice] 27#27: exit
2022/04/05 15:50:51 [notice] 30#30: exiting
2022/04/05 15:50:51 [notice] 31#31: exiting
2022/04/05 15:50:51 [notice] 33#33: exiting
2022/04/05 15:50:51 [notice] 34#34: exiting
2022/04/05 15:50:51 [notice] 35#35: exiting
2022/04/05 15:50:51 [notice] 36#36: exiting
2022/04/05 15:50:51 [notice] 24#24: exiting
2022/04/05 15:50:51 [notice] 37#37: exiting
2022/04/05 15:50:51 [notice] 32#32: exiting
2022/04/05 15:50:51 [notice] 29#29: exiting
2022/04/05 15:50:51 [notice] 22#22: exit
2022/04/05 15:50:51 [notice] 23#23: exit
2022/04/05 15:50:51 [notice] 25#25: exit
2022/04/05 15:50:51 [notice] 26#26: exit
2022/04/05 15:50:51 [notice] 30#30: exit
2022/04/05 15:50:51 [notice] 31#31: exit
2022/04/05 15:50:51 [notice] 33#33: exit
2022/04/05 15:50:51 [notice] 34#34: exit
2022/04/05 15:50:51 [notice] 35#35: exit
2022/04/05 15:50:51 [notice] 36#36: exit
2022/04/05 15:50:51 [notice] 24#24: exit
2022/04/05 15:50:51 [notice] 37#37: exit
2022/04/05 15:50:51 [notice] 32#32: exit
2022/04/05 15:50:51 [notice] 29#29: exit
2022/04/05 15:50:51 [notice] 1#1: signal 17 (SIGCHLD) received from 31
2022/04/05 15:50:51 [notice] 1#1: worker process 28 exited with code 0
2022/04/05 15:50:51 [notice] 1#1: worker process 30 exited with code 0
2022/04/05 15:50:51 [notice] 1#1: worker process 31 exited with code 0
2022/04/05 15:50:51 [notice] 1#1: worker process 36 exited with code 0
2022/04/05 15:50:51 [notice] 1#1: signal 29 (SIGIO) received
2022/04/05 15:50:51 [notice] 1#1: signal 17 (SIGCHLD) received from 35
2022/04/05 15:50:51 [notice] 1#1: worker process 26 exited with code 0
2022/04/05 15:50:51 [notice] 1#1: worker process 27 exited with code 0
2022/04/05 15:50:51 [notice] 1#1: worker process 35 exited with code 0
2022/04/05 15:50:51 [notice] 1#1: worker process 37 exited with code 0
2022/04/05 15:50:51 [notice] 1#1: signal 29 (SIGIO) received
2022/04/05 15:50:51 [notice] 1#1: signal 17 (SIGCHLD) received from 37
2022/04/05 15:50:51 [notice] 1#1: signal 17 (SIGCHLD) received from 32
2022/04/05 15:50:51 [notice] 1#1: worker process 22 exited with code 0
2022/04/05 15:50:51 [notice] 1#1: worker process 32 exited with code 0
2022/04/05 15:50:51 [notice] 1#1: signal 29 (SIGIO) received
2022/04/05 15:50:51 [notice] 1#1: signal 17 (SIGCHLD) received from 34
2022/04/05 15:50:51 [notice] 1#1: worker process 23 exited with code 0
2022/04/05 15:50:51 [notice] 1#1: worker process 24 exited with code 0
2022/04/05 15:50:51 [notice] 1#1: worker process 25 exited with code 0
2022/04/05 15:50:51 [notice] 1#1: worker process 29 exited with code 0
2022/04/05 15:50:51 [notice] 1#1: worker process 33 exited with code 0
2022/04/05 15:50:51 [notice] 1#1: worker process 34 exited with code 0
2022/04/05 15:50:51 [notice] 1#1: exit
2022/04/05 15:51:02 [notice] 1#1: using the "epoll" event method
2022/04/05 15:51:02 [notice] 1#1: nginx/1.21.5
2022/04/05 15:51:02 [notice] 1#1: built by gcc 10.2.1 20210110 (Debian 10.2.1-6) 
2022/04/05 15:51:02 [notice] 1#1: OS: Linux 5.10.16.3-microsoft-standard-WSL2
2022/04/05 15:51:02 [notice] 1#1: getrlimit(RLIMIT_NOFILE): 1048576:1048576
2022/04/05 15:51:02 [notice] 1#1: start worker processes
2022/04/05 15:51:02 [notice] 1#1: start worker process 23
2022/04/05 15:51:02 [notice] 1#1: start worker process 24
2022/04/05 15:51:02 [notice] 1#1: start worker process 25
2022/04/05 15:51:02 [notice] 1#1: start worker process 26
2022/04/05 15:51:02 [notice] 1#1: start worker process 27
2022/04/05 15:51:02 [notice] 1#1: start worker process 28
2022/04/05 15:51:02 [notice] 1#1: start worker process 29
2022/04/05 15:51:02 [notice] 1#1: start worker process 30
2022/04/05 15:51:02 [notice] 1#1: start worker process 31
2022/04/05 15:51:02 [notice] 1#1: start worker process 32
2022/04/05 15:51:02 [notice] 1#1: start worker process 33
2022/04/05 15:51:02 [notice] 1#1: start worker process 34
2022/04/05 15:51:02 [notice] 1#1: start worker process 35
2022/04/05 15:51:02 [notice] 1#1: start worker process 36
2022/04/05 15:51:02 [notice] 1#1: start worker process 37
2022/04/05 15:51:02 [notice] 1#1: start worker process 38
2022/04/05 15:59:19 [notice] 1#1: signal 3 (SIGQUIT) received, shutting down
2022/04/05 15:59:19 [notice] 24#24: gracefully shutting down
2022/04/05 15:59:19 [notice] 29#29: gracefully shutting down
2022/04/05 15:59:19 [notice] 27#27: gracefully shutting down
2022/04/05 15:59:19 [notice] 26#26: gracefully shutting down
2022/04/05 15:59:19 [notice] 31#31: gracefully shutting down
2022/04/05 15:59:19 [notice] 34#34: gracefully shutting down
2022/04/05 15:59:19 [notice] 25#25: gracefully shutting down
2022/04/05 15:59:19 [notice] 33#33: gracefully shutting down
2022/04/05 15:59:19 [notice] 23#23: gracefully shutting down
2022/04/05 15:59:19 [notice] 32#32: gracefully shutting down
2022/04/05 15:59:19 [notice] 35#35: gracefully shutting down
2022/04/05 15:59:19 [notice] 28#28: gracefully shutting down
2022/04/05 15:59:19 [notice] 28#28: exiting
2022/04/05 15:59:19 [notice] 36#36: gracefully shutting down
2022/04/05 15:59:19 [notice] 30#30: gracefully shutting down
2022/04/05 15:59:19 [notice] 37#37: gracefully shutting down
2022/04/05 15:59:19 [notice] 38#38: gracefully shutting down
2022/04/05 15:59:19 [notice] 24#24: exiting
2022/04/05 15:59:19 [notice] 29#29: exiting
2022/04/05 15:59:19 [notice] 27#27: exiting
2022/04/05 15:59:19 [notice] 26#26: exiting
2022/04/05 15:59:19 [notice] 31#31: exiting
2022/04/05 15:59:19 [notice] 34#34: exiting
2022/04/05 15:59:19 [notice] 25#25: exiting
2022/04/05 15:59:19 [notice] 33#33: exiting
2022/04/05 15:59:19 [notice] 23#23: exiting
2022/04/05 15:59:19 [notice] 32#32: exiting
2022/04/05 15:59:19 [notice] 35#35: exiting
2022/04/05 15:59:19 [notice] 28#28: exit
2022/04/05 15:59:19 [notice] 36#36: exiting
2022/04/05 15:59:19 [notice] 30#30: exiting
2022/04/05 15:59:19 [notice] 37#37: exiting
2022/04/05 15:59:19 [notice] 38#38: exiting
2022/04/05 15:59:19 [notice] 24#24: exit
2022/04/05 15:59:19 [notice] 29#29: exit
2022/04/05 15:59:19 [notice] 27#27: exit
2022/04/05 15:59:19 [notice] 26#26: exit
2022/04/05 15:59:19 [notice] 31#31: exit
2022/04/05 15:59:19 [notice] 34#34: exit
2022/04/05 15:59:19 [notice] 25#25: exit
2022/04/05 15:59:19 [notice] 33#33: exit
2022/04/05 15:59:19 [notice] 23#23: exit
2022/04/05 15:59:19 [notice] 32#32: exit
2022/04/05 15:59:19 [notice] 35#35: exit
2022/04/05 15:59:19 [notice] 36#36: exit
2022/04/05 15:59:19 [notice] 30#30: exit
2022/04/05 15:59:19 [notice] 37#37: exit
2022/04/05 15:59:19 [notice] 38#38: exit
2022/04/05 15:59:19 [notice] 1#1: signal 17 (SIGCHLD) received from 24
2022/04/05 15:59:19 [notice] 1#1: worker process 24 exited with code 0
2022/04/05 15:59:19 [notice] 1#1: worker process 28 exited with code 0
2022/04/05 15:59:19 [notice] 1#1: worker process 31 exited with code 0
2022/04/05 15:59:19 [notice] 1#1: worker process 33 exited with code 0
2022/04/05 15:59:19 [notice] 1#1: worker process 36 exited with code 0
2022/04/05 15:59:19 [notice] 1#1: worker process 38 exited with code 0
2022/04/05 15:59:19 [notice] 1#1: signal 29 (SIGIO) received
2022/04/05 15:59:19 [notice] 1#1: signal 17 (SIGCHLD) received from 31
2022/04/05 15:59:19 [notice] 1#1: signal 17 (SIGCHLD) received from 27
2022/04/05 15:59:19 [notice] 1#1: worker process 27 exited with code 0
2022/04/05 15:59:19 [notice] 1#1: worker process 30 exited with code 0
2022/04/05 15:59:19 [notice] 1#1: worker process 35 exited with code 0
2022/04/05 15:59:19 [notice] 1#1: signal 29 (SIGIO) received
2022/04/05 15:59:19 [notice] 1#1: signal 17 (SIGCHLD) received from 30
2022/04/05 15:59:19 [notice] 1#1: signal 17 (SIGCHLD) received from 23
2022/04/05 15:59:19 [notice] 1#1: worker process 23 exited with code 0
2022/04/05 15:59:19 [notice] 1#1: worker process 25 exited with code 0
2022/04/05 15:59:19 [notice] 1#1: worker process 26 exited with code 0
2022/04/05 15:59:19 [notice] 1#1: worker process 29 exited with code 0
2022/04/05 15:59:19 [notice] 1#1: worker process 32 exited with code 0
2022/04/05 15:59:19 [notice] 1#1: worker process 34 exited with code 0
2022/04/05 15:59:19 [notice] 1#1: worker process 37 exited with code 0
2022/04/05 15:59:19 [notice] 1#1: exit
2022/04/06 14:19:04 [notice] 1#1: using the "epoll" event method
2022/04/06 14:19:04 [notice] 1#1: nginx/1.21.5
2022/04/06 14:19:04 [notice] 1#1: built by gcc 10.2.1 20210110 (Debian 10.2.1-6) 
2022/04/06 14:19:04 [notice] 1#1: OS: Linux 5.10.16.3-microsoft-standard-WSL2
2022/04/06 14:19:04 [notice] 1#1: getrlimit(RLIMIT_NOFILE): 1048576:1048576
2022/04/06 14:19:04 [notice] 1#1: start worker processes
2022/04/06 14:19:04 [notice] 1#1: start worker process 23
2022/04/06 14:19:04 [notice] 1#1: start worker process 24
2022/04/06 14:19:04 [notice] 1#1: start worker process 25
2022/04/06 14:19:04 [notice] 1#1: start worker process 26
2022/04/06 14:19:04 [notice] 1#1: start worker process 27
2022/04/06 14:19:04 [notice] 1#1: start worker process 28
2022/04/06 14:19:04 [notice] 1#1: start worker process 29
2022/04/06 14:19:04 [notice] 1#1: start worker process 30
2022/04/06 14:19:04 [notice] 1#1: start worker process 31
2022/04/06 14:19:04 [notice] 1#1: start worker process 32
2022/04/06 14:19:04 [notice] 1#1: start worker process 33
2022/04/06 14:19:04 [notice] 1#1: start worker process 34
2022/04/06 14:19:04 [notice] 1#1: start worker process 35
2022/04/06 14:19:04 [notice] 1#1: start worker process 36
2022/04/06 14:19:04 [notice] 1#1: start worker process 37
2022/04/06 14:19:04 [notice] 1#1: start worker process 38
2022/04/07 13:08:43 [notice] 1#1: signal 3 (SIGQUIT) received, shutting down
2022/04/07 13:08:43 [notice] 23#23: gracefully shutting down
2022/04/07 13:08:43 [notice] 24#24: gracefully shutting down
2022/04/07 13:08:43 [notice] 26#26: gracefully shutting down
2022/04/07 13:08:43 [notice] 34#34: gracefully shutting down
2022/04/07 13:08:43 [notice] 25#25: gracefully shutting down
2022/04/07 13:08:43 [notice] 30#30: gracefully shutting down
2022/04/07 13:08:43 [notice] 31#31: gracefully shutting down
2022/04/07 13:08:43 [notice] 27#27: gracefully shutting down
2022/04/07 13:08:43 [notice] 32#32: gracefully shutting down
2022/04/07 13:08:43 [notice] 33#33: gracefully shutting down
2022/04/07 13:08:43 [notice] 28#28: gracefully shutting down
2022/04/07 13:08:43 [notice] 35#35: gracefully shutting down
2022/04/07 13:08:43 [notice] 38#38: gracefully shutting down
2022/04/07 13:08:43 [notice] 29#29: gracefully shutting down
2022/04/07 13:08:43 [notice] 37#37: gracefully shutting down
2022/04/07 13:08:43 [notice] 36#36: gracefully shutting down
2022/04/07 13:08:43 [notice] 23#23: exiting
2022/04/07 13:08:43 [notice] 26#26: exiting
2022/04/07 13:08:43 [notice] 24#24: exiting
2022/04/07 13:08:43 [notice] 34#34: exiting
2022/04/07 13:08:43 [notice] 25#25: exiting
2022/04/07 13:08:43 [notice] 30#30: exiting
2022/04/07 13:08:43 [notice] 31#31: exiting
2022/04/07 13:08:43 [notice] 27#27: exiting
2022/04/07 13:08:43 [notice] 32#32: exiting
2022/04/07 13:08:43 [notice] 33#33: exiting
2022/04/07 13:08:43 [notice] 28#28: exiting
2022/04/07 13:08:43 [notice] 38#38: exiting
2022/04/07 13:08:43 [notice] 29#29: exiting
2022/04/07 13:08:43 [notice] 37#37: exiting
2022/04/07 13:08:43 [notice] 36#36: exiting
2022/04/07 13:08:43 [notice] 26#26: exit
2022/04/07 13:08:43 [notice] 23#23: exit
2022/04/07 13:08:43 [notice] 35#35: exiting
2022/04/07 13:08:43 [notice] 24#24: exit
2022/04/07 13:08:43 [notice] 34#34: exit
2022/04/07 13:08:43 [notice] 25#25: exit
2022/04/07 13:08:43 [notice] 30#30: exit
2022/04/07 13:08:43 [notice] 31#31: exit
2022/04/07 13:08:43 [notice] 27#27: exit
2022/04/07 13:08:43 [notice] 32#32: exit
2022/04/07 13:08:43 [notice] 33#33: exit
2022/04/07 13:08:43 [notice] 28#28: exit
2022/04/07 13:08:43 [notice] 38#38: exit
2022/04/07 13:08:43 [notice] 29#29: exit
2022/04/07 13:08:43 [notice] 37#37: exit
2022/04/07 13:08:43 [notice] 36#36: exit
2022/04/07 13:08:43 [notice] 35#35: exit
2022/04/07 13:08:44 [notice] 1#1: signal 17 (SIGCHLD) received from 24
2022/04/07 13:08:44 [notice] 1#1: worker process 23 exited with code 0
2022/04/07 13:08:44 [notice] 1#1: worker process 24 exited with code 0
2022/04/07 13:08:44 [notice] 1#1: worker process 25 exited with code 0
2022/04/07 13:08:44 [notice] 1#1: worker process 26 exited with code 0
2022/04/07 13:08:44 [notice] 1#1: worker process 27 exited with code 0
2022/04/07 13:08:44 [notice] 1#1: worker process 28 exited with code 0
2022/04/07 13:08:44 [notice] 1#1: worker process 29 exited with code 0
2022/04/07 13:08:44 [notice] 1#1: worker process 30 exited with code 0
2022/04/07 13:08:44 [notice] 1#1: worker process 31 exited with code 0
2022/04/07 13:08:44 [notice] 1#1: worker process 32 exited with code 0
2022/04/07 13:08:44 [notice] 1#1: worker process 33 exited with code 0
2022/04/07 13:08:44 [notice] 1#1: worker process 34 exited with code 0
2022/04/07 13:08:44 [notice] 1#1: worker process 35 exited with code 0
2022/04/07 13:08:44 [notice] 1#1: worker process 36 exited with code 0
2022/04/07 13:08:44 [notice] 1#1: worker process 37 exited with code 0
2022/04/07 13:08:44 [notice] 1#1: worker process 38 exited with code 0
2022/04/07 13:08:44 [notice] 1#1: exit
2022/04/07 13:10:52 [notice] 1#1: using the "epoll" event method
2022/04/07 13:10:52 [notice] 1#1: nginx/1.21.5
2022/04/07 13:10:52 [notice] 1#1: built by gcc 10.2.1 20210110 (Debian 10.2.1-6) 
2022/04/07 13:10:52 [notice] 1#1: OS: Linux 5.10.16.3-microsoft-standard-WSL2
2022/04/07 13:10:52 [notice] 1#1: getrlimit(RLIMIT_NOFILE): 1048576:1048576
2022/04/07 13:10:52 [notice] 1#1: start worker processes
2022/04/07 13:10:52 [notice] 1#1: start worker process 22
2022/04/07 13:10:52 [notice] 1#1: start worker process 23
2022/04/07 13:10:52 [notice] 1#1: start worker process 24
2022/04/07 13:10:52 [notice] 1#1: start worker process 25
2022/04/07 13:10:52 [notice] 1#1: start worker process 26
2022/04/07 13:10:52 [notice] 1#1: start worker process 27
2022/04/07 13:10:52 [notice] 1#1: start worker process 28
2022/04/07 13:10:52 [notice] 1#1: start worker process 29
2022/04/07 13:10:52 [notice] 1#1: start worker process 30
2022/04/07 13:10:52 [notice] 1#1: start worker process 31
2022/04/07 13:10:52 [notice] 1#1: start worker process 32
2022/04/07 13:10:52 [notice] 1#1: start worker process 33
2022/04/07 13:10:52 [notice] 1#1: start worker process 34
2022/04/07 13:10:52 [notice] 1#1: start worker process 35
2022/04/07 13:10:52 [notice] 1#1: start worker process 36
2022/04/07 13:10:52 [notice] 1#1: start worker process 37
2022/04/07 14:54:52 [notice] 1#1: signal 3 (SIGQUIT) received, shutting down
2022/04/07 14:54:52 [notice] 22#22: gracefully shutting down
2022/04/07 14:54:52 [notice] 22#22: exiting
2022/04/07 14:54:52 [notice] 24#24: gracefully shutting down
2022/04/07 14:54:52 [notice] 24#24: exiting
2022/04/07 14:54:52 [notice] 25#25: gracefully shutting down
2022/04/07 14:54:52 [notice] 25#25: exiting
2022/04/07 14:54:52 [notice] 26#26: gracefully shutting down
2022/04/07 14:54:52 [notice] 27#27: gracefully shutting down
2022/04/07 14:54:52 [notice] 30#30: gracefully shutting down
2022/04/07 14:54:52 [notice] 30#30: exiting
2022/04/07 14:54:52 [notice] 33#33: gracefully shutting down
2022/04/07 14:54:52 [notice] 33#33: exiting
2022/04/07 14:54:52 [notice] 31#31: gracefully shutting down
2022/04/07 14:54:52 [notice] 37#37: gracefully shutting down
2022/04/07 14:54:52 [notice] 32#32: gracefully shutting down
2022/04/07 14:54:52 [notice] 29#29: gracefully shutting down
2022/04/07 14:54:52 [notice] 29#29: exiting
2022/04/07 14:54:52 [notice] 34#34: gracefully shutting down
2022/04/07 14:54:52 [notice] 34#34: exiting
2022/04/07 14:54:52 [notice] 36#36: gracefully shutting down
2022/04/07 14:54:52 [notice] 35#35: gracefully shutting down
2022/04/07 14:54:52 [notice] 23#23: gracefully shutting down
2022/04/07 14:54:52 [notice] 23#23: exiting
2022/04/07 14:54:52 [notice] 28#28: gracefully shutting down
2022/04/07 14:54:52 [notice] 22#22: exit
2022/04/07 14:54:52 [notice] 24#24: exit
2022/04/07 14:54:52 [notice] 25#25: exit
2022/04/07 14:54:52 [notice] 26#26: exiting
2022/04/07 14:54:52 [notice] 27#27: exiting
2022/04/07 14:54:52 [notice] 30#30: exit
2022/04/07 14:54:52 [notice] 33#33: exit
2022/04/07 14:54:52 [notice] 31#31: exiting
2022/04/07 14:54:52 [notice] 31#31: exit
2022/04/07 14:54:52 [notice] 37#37: exiting
2022/04/07 14:54:52 [notice] 32#32: exiting
2022/04/07 14:54:52 [notice] 29#29: exit
2022/04/07 14:54:52 [notice] 34#34: exit
2022/04/07 14:54:52 [notice] 36#36: exiting
2022/04/07 14:54:52 [notice] 35#35: exiting
2022/04/07 14:54:52 [notice] 23#23: exit
2022/04/07 14:54:52 [notice] 28#28: exiting
2022/04/07 14:54:52 [notice] 26#26: exit
2022/04/07 14:54:52 [notice] 27#27: exit
2022/04/07 14:54:52 [notice] 37#37: exit
2022/04/07 14:54:52 [notice] 32#32: exit
2022/04/07 14:54:52 [notice] 36#36: exit
2022/04/07 14:54:52 [notice] 35#35: exit
2022/04/07 14:54:52 [notice] 28#28: exit
2022/04/07 14:54:52 [notice] 1#1: signal 17 (SIGCHLD) received from 25
2022/04/07 14:54:52 [notice] 1#1: worker process 25 exited with code 0
2022/04/07 14:54:52 [notice] 1#1: worker process 33 exited with code 0
2022/04/07 14:54:52 [notice] 1#1: worker process 22 exited with code 0
2022/04/07 14:54:52 [notice] 1#1: signal 29 (SIGIO) received
2022/04/07 14:54:52 [notice] 1#1: signal 17 (SIGCHLD) received from 33
2022/04/07 14:54:52 [notice] 1#1: signal 17 (SIGCHLD) received from 31
2022/04/07 14:54:52 [notice] 1#1: worker process 24 exited with code 0
2022/04/07 14:54:52 [notice] 1#1: worker process 31 exited with code 0
2022/04/07 14:54:52 [notice] 1#1: worker process 30 exited with code 0
2022/04/07 14:54:52 [notice] 1#1: signal 29 (SIGIO) received
2022/04/07 14:54:52 [notice] 1#1: signal 17 (SIGCHLD) received from 30
2022/04/07 14:54:52 [notice] 1#1: worker process 29 exited with code 0
2022/04/07 14:54:52 [notice] 1#1: worker process 23 exited with code 0
2022/04/07 14:54:52 [notice] 1#1: worker process 34 exited with code 0
2022/04/07 14:54:52 [notice] 1#1: signal 29 (SIGIO) received
2022/04/07 14:54:52 [notice] 1#1: signal 17 (SIGCHLD) received from 34
2022/04/07 14:54:52 [notice] 1#1: signal 17 (SIGCHLD) received from 32
2022/04/07 14:54:52 [notice] 1#1: worker process 32 exited with code 0
2022/04/07 14:54:52 [notice] 1#1: signal 29 (SIGIO) received
2022/04/07 14:54:52 [notice] 1#1: signal 17 (SIGCHLD) received from 26
2022/04/07 14:54:52 [notice] 1#1: worker process 26 exited with code 0
2022/04/07 14:54:52 [notice] 1#1: worker process 36 exited with code 0
2022/04/07 14:54:52 [notice] 1#1: worker process 27 exited with code 0
2022/04/07 14:54:52 [notice] 1#1: worker process 28 exited with code 0
2022/04/07 14:54:52 [notice] 1#1: worker process 35 exited with code 0
2022/04/07 14:54:52 [notice] 1#1: worker process 37 exited with code 0
2022/04/07 14:54:52 [notice] 1#1: exit
2022/04/07 14:58:36 [notice] 1#1: using the "epoll" event method
2022/04/07 14:58:36 [notice] 1#1: nginx/1.21.5
2022/04/07 14:58:36 [notice] 1#1: built by gcc 10.2.1 20210110 (Debian 10.2.1-6) 
2022/04/07 14:58:36 [notice] 1#1: OS: Linux 5.10.16.3-microsoft-standard-WSL2
2022/04/07 14:58:36 [notice] 1#1: getrlimit(RLIMIT_NOFILE): 1048576:1048576
2022/04/07 14:58:36 [notice] 1#1: start worker processes
2022/04/07 14:58:36 [notice] 1#1: start worker process 22
2022/04/07 14:58:36 [notice] 1#1: start worker process 23
2022/04/07 14:58:36 [notice] 1#1: start worker process 24
2022/04/07 14:58:36 [notice] 1#1: start worker process 25
2022/04/07 14:58:36 [notice] 1#1: start worker process 26
2022/04/07 14:58:36 [notice] 1#1: start worker process 27
2022/04/07 14:58:36 [notice] 1#1: start worker process 28
2022/04/07 14:58:36 [notice] 1#1: start worker process 29
2022/04/07 14:58:36 [notice] 1#1: start worker process 30
2022/04/07 14:58:36 [notice] 1#1: start worker process 31
2022/04/07 14:58:36 [notice] 1#1: start worker process 32
2022/04/07 14:58:36 [notice] 1#1: start worker process 33
2022/04/07 14:58:36 [notice] 1#1: start worker process 34
2022/04/07 14:58:36 [notice] 1#1: start worker process 35
2022/04/07 14:58:36 [notice] 1#1: start worker process 36
2022/04/07 14:58:36 [notice] 1#1: start worker process 37
2022/04/07 15:29:52 [notice] 1#1: signal 3 (SIGQUIT) received, shutting down
2022/04/07 15:29:52 [notice] 25#25: gracefully shutting down
2022/04/07 15:29:52 [notice] 22#22: gracefully shutting down
2022/04/07 15:29:52 [notice] 27#27: gracefully shutting down
2022/04/07 15:29:52 [notice] 26#26: gracefully shutting down
2022/04/07 15:29:52 [notice] 31#31: gracefully shutting down
2022/04/07 15:29:52 [notice] 27#27: exiting
2022/04/07 15:29:52 [notice] 30#30: gracefully shutting down
2022/04/07 15:29:52 [notice] 32#32: gracefully shutting down
2022/04/07 15:29:52 [notice] 37#37: gracefully shutting down
2022/04/07 15:29:52 [notice] 23#23: gracefully shutting down
2022/04/07 15:29:52 [notice] 24#24: gracefully shutting down
2022/04/07 15:29:52 [notice] 34#34: gracefully shutting down
2022/04/07 15:29:52 [notice] 33#33: gracefully shutting down
2022/04/07 15:29:52 [notice] 36#36: gracefully shutting down
2022/04/07 15:29:52 [notice] 29#29: gracefully shutting down
2022/04/07 15:29:52 [notice] 28#28: gracefully shutting down
2022/04/07 15:29:52 [notice] 35#35: gracefully shutting down
2022/04/07 15:29:52 [notice] 25#25: exiting
2022/04/07 15:29:52 [notice] 22#22: exiting
2022/04/07 15:29:52 [notice] 26#26: exiting
2022/04/07 15:29:52 [notice] 31#31: exiting
2022/04/07 15:29:52 [notice] 27#27: exit
2022/04/07 15:29:52 [notice] 30#30: exiting
2022/04/07 15:29:52 [notice] 32#32: exiting
2022/04/07 15:29:52 [notice] 37#37: exiting
2022/04/07 15:29:52 [notice] 23#23: exiting
2022/04/07 15:29:52 [notice] 24#24: exiting
2022/04/07 15:29:52 [notice] 34#34: exiting
2022/04/07 15:29:52 [notice] 33#33: exiting
2022/04/07 15:29:52 [notice] 36#36: exiting
2022/04/07 15:29:52 [notice] 29#29: exiting
2022/04/07 15:29:52 [notice] 28#28: exiting
2022/04/07 15:29:52 [notice] 35#35: exiting
2022/04/07 15:29:52 [notice] 25#25: exit
2022/04/07 15:29:52 [notice] 22#22: exit
2022/04/07 15:29:52 [notice] 26#26: exit
2022/04/07 15:29:52 [notice] 31#31: exit
2022/04/07 15:29:52 [notice] 30#30: exit
2022/04/07 15:29:52 [notice] 32#32: exit
2022/04/07 15:29:52 [notice] 37#37: exit
2022/04/07 15:29:52 [notice] 23#23: exit
2022/04/07 15:29:52 [notice] 24#24: exit
2022/04/07 15:29:52 [notice] 34#34: exit
2022/04/07 15:29:52 [notice] 33#33: exit
2022/04/07 15:29:52 [notice] 36#36: exit
2022/04/07 15:29:52 [notice] 29#29: exit
2022/04/07 15:29:52 [notice] 28#28: exit
2022/04/07 15:29:52 [notice] 35#35: exit
2022/04/07 15:29:53 [notice] 1#1: signal 17 (SIGCHLD) received from 27
2022/04/07 15:29:53 [notice] 1#1: worker process 27 exited with code 0
2022/04/07 15:29:53 [notice] 1#1: signal 29 (SIGIO) received
2022/04/07 15:29:53 [notice] 1#1: signal 17 (SIGCHLD) received from 25
2022/04/07 15:29:53 [notice] 1#1: worker process 25 exited with code 0
2022/04/07 15:29:53 [notice] 1#1: worker process 26 exited with code 0
2022/04/07 15:29:53 [notice] 1#1: worker process 30 exited with code 0
2022/04/07 15:29:53 [notice] 1#1: worker process 31 exited with code 0
2022/04/07 15:29:53 [notice] 1#1: signal 29 (SIGIO) received
2022/04/07 15:29:53 [notice] 1#1: signal 17 (SIGCHLD) received from 30
2022/04/07 15:29:53 [notice] 1#1: worker process 22 exited with code 0
2022/04/07 15:29:53 [notice] 1#1: signal 29 (SIGIO) received
2022/04/07 15:29:53 [notice] 1#1: signal 17 (SIGCHLD) received from 22
2022/04/07 15:29:53 [notice] 1#1: worker process 32 exited with code 0
2022/04/07 15:29:53 [notice] 1#1: worker process 34 exited with code 0
2022/04/07 15:29:53 [notice] 1#1: worker process 23 exited with code 0
2022/04/07 15:29:53 [notice] 1#1: worker process 24 exited with code 0
2022/04/07 15:29:53 [notice] 1#1: worker process 29 exited with code 0
2022/04/07 15:29:53 [notice] 1#1: worker process 37 exited with code 0
2022/04/07 15:29:53 [notice] 1#1: signal 29 (SIGIO) received
2022/04/07 15:29:53 [notice] 1#1: signal 17 (SIGCHLD) received from 32
2022/04/07 15:29:53 [notice] 1#1: signal 17 (SIGCHLD) received from 35
2022/04/07 15:29:53 [notice] 1#1: worker process 28 exited with code 0
2022/04/07 15:29:53 [notice] 1#1: worker process 35 exited with code 0
2022/04/07 15:29:53 [notice] 1#1: worker process 33 exited with code 0
2022/04/07 15:29:53 [notice] 1#1: worker process 36 exited with code 0
2022/04/07 15:29:53 [notice] 1#1: exit
2022/04/07 15:29:55 [notice] 1#1: using the "epoll" event method
2022/04/07 15:29:55 [notice] 1#1: nginx/1.21.5
2022/04/07 15:29:55 [notice] 1#1: built by gcc 10.2.1 20210110 (Debian 10.2.1-6) 
2022/04/07 15:29:55 [notice] 1#1: OS: Linux 5.10.16.3-microsoft-standard-WSL2
2022/04/07 15:29:55 [notice] 1#1: getrlimit(RLIMIT_NOFILE): 1048576:1048576
2022/04/07 15:29:55 [notice] 1#1: start worker processes
2022/04/07 15:29:55 [notice] 1#1: start worker process 22
2022/04/07 15:29:55 [notice] 1#1: start worker process 23
2022/04/07 15:29:55 [notice] 1#1: start worker process 24
2022/04/07 15:29:55 [notice] 1#1: start worker process 25
2022/04/07 15:29:55 [notice] 1#1: start worker process 26
2022/04/07 15:29:55 [notice] 1#1: start worker process 27
2022/04/07 15:29:55 [notice] 1#1: start worker process 28
2022/04/07 15:29:55 [notice] 1#1: start worker process 29
2022/04/07 15:29:55 [notice] 1#1: start worker process 30
2022/04/07 15:29:55 [notice] 1#1: start worker process 31
2022/04/07 15:29:55 [notice] 1#1: start worker process 32
2022/04/07 15:29:55 [notice] 1#1: start worker process 33
2022/04/07 15:29:55 [notice] 1#1: start worker process 34
2022/04/07 15:29:55 [notice] 1#1: start worker process 35
2022/04/07 15:29:55 [notice] 1#1: start worker process 36
2022/04/07 15:29:55 [notice] 1#1: start worker process 37
2022/04/07 22:51:18 [notice] 1#1: signal 3 (SIGQUIT) received, shutting down
2022/04/07 22:51:18 [notice] 23#23: gracefully shutting down
2022/04/07 22:51:18 [notice] 22#22: gracefully shutting down
2022/04/07 22:51:18 [notice] 24#24: gracefully shutting down
2022/04/07 22:51:18 [notice] 26#26: gracefully shutting down
2022/04/07 22:51:18 [notice] 31#31: gracefully shutting down
2022/04/07 22:51:18 [notice] 28#28: gracefully shutting down
2022/04/07 22:51:18 [notice] 29#29: gracefully shutting down
2022/04/07 22:51:18 [notice] 27#27: gracefully shutting down
2022/04/07 22:51:18 [notice] 25#25: gracefully shutting down
2022/04/07 22:51:18 [notice] 30#30: gracefully shutting down
2022/04/07 22:51:18 [notice] 36#36: gracefully shutting down
2022/04/07 22:51:18 [notice] 22#22: exiting
2022/04/07 22:51:18 [notice] 32#32: gracefully shutting down
2022/04/07 22:51:18 [notice] 34#34: gracefully shutting down
2022/04/07 22:51:18 [notice] 35#35: gracefully shutting down
2022/04/07 22:51:18 [notice] 33#33: gracefully shutting down
2022/04/07 22:51:18 [notice] 37#37: gracefully shutting down
2022/04/07 22:51:18 [notice] 27#27: exiting
2022/04/07 22:51:18 [notice] 27#27: exit
2022/04/07 22:51:18 [notice] 24#24: exiting
2022/04/07 22:51:18 [notice] 25#25: exiting
2022/04/07 22:51:18 [notice] 26#26: exiting
2022/04/07 22:51:18 [notice] 25#25: exit
2022/04/07 22:51:18 [notice] 22#22: exit
2022/04/07 22:51:18 [notice] 23#23: exiting
2022/04/07 22:51:18 [notice] 29#29: exiting
2022/04/07 22:51:18 [notice] 28#28: exiting
2022/04/07 22:51:18 [notice] 28#28: exit
2022/04/07 22:51:18 [notice] 31#31: exiting
2022/04/07 22:51:18 [notice] 30#30: exiting
2022/04/07 22:51:18 [notice] 24#24: exit
2022/04/07 22:51:18 [notice] 36#36: exiting
2022/04/07 22:51:18 [notice] 26#26: exit
2022/04/07 22:51:18 [notice] 33#33: exiting
2022/04/07 22:51:18 [notice] 32#32: exiting
2022/04/07 22:51:18 [notice] 34#34: exiting
2022/04/07 22:51:18 [notice] 37#37: exiting
2022/04/07 22:51:18 [notice] 23#23: exit
2022/04/07 22:51:18 [notice] 29#29: exit
2022/04/07 22:51:18 [notice] 35#35: exiting
2022/04/07 22:51:18 [notice] 31#31: exit
2022/04/07 22:51:18 [notice] 30#30: exit
2022/04/07 22:51:18 [notice] 36#36: exit
2022/04/07 22:51:18 [notice] 33#33: exit
2022/04/07 22:51:18 [notice] 32#32: exit
2022/04/07 22:51:18 [notice] 34#34: exit
2022/04/07 22:51:18 [notice] 37#37: exit
2022/04/07 22:51:18 [notice] 35#35: exit
2022/04/07 22:51:19 [notice] 1#1: signal 17 (SIGCHLD) received from 30
2022/04/07 22:51:19 [notice] 1#1: worker process 22 exited with code 0
2022/04/07 22:51:19 [notice] 1#1: worker process 24 exited with code 0
2022/04/07 22:51:19 [notice] 1#1: worker process 27 exited with code 0
2022/04/07 22:51:19 [notice] 1#1: worker process 28 exited with code 0
2022/04/07 22:51:19 [notice] 1#1: worker process 25 exited with code 0
2022/04/07 22:51:19 [notice] 1#1: worker process 30 exited with code 0
2022/04/07 22:51:19 [notice] 1#1: signal 29 (SIGIO) received
2022/04/07 22:51:19 [notice] 1#1: signal 17 (SIGCHLD) received from 28
2022/04/07 22:51:19 [notice] 1#1: worker process 36 exited with code 0
2022/04/07 22:51:19 [notice] 1#1: signal 29 (SIGIO) received
2022/04/07 22:51:19 [notice] 1#1: signal 17 (SIGCHLD) received from 36
2022/04/07 22:51:19 [notice] 1#1: signal 17 (SIGCHLD) received from 23
2022/04/07 22:51:19 [notice] 1#1: worker process 23 exited with code 0
2022/04/07 22:51:19 [notice] 1#1: worker process 26 exited with code 0
2022/04/07 22:51:19 [notice] 1#1: worker process 29 exited with code 0
2022/04/07 22:51:19 [notice] 1#1: worker process 31 exited with code 0
2022/04/07 22:51:19 [notice] 1#1: worker process 35 exited with code 0
2022/04/07 22:51:19 [notice] 1#1: worker process 33 exited with code 0
2022/04/07 22:51:19 [notice] 1#1: worker process 32 exited with code 0
2022/04/07 22:51:19 [notice] 1#1: signal 29 (SIGIO) received
2022/04/07 22:51:19 [notice] 1#1: signal 17 (SIGCHLD) received from 35
2022/04/07 22:51:19 [notice] 1#1: signal 17 (SIGCHLD) received from 37
2022/04/07 22:51:19 [notice] 1#1: worker process 37 exited with code 0
2022/04/07 22:51:19 [notice] 1#1: signal 29 (SIGIO) received
2022/04/07 22:51:19 [notice] 1#1: signal 17 (SIGCHLD) received from 34
2022/04/07 22:51:19 [notice] 1#1: worker process 34 exited with code 0
2022/04/07 22:51:19 [notice] 1#1: exit
2022/04/08 11:12:43 [notice] 1#1: using the "epoll" event method
2022/04/08 11:12:43 [notice] 1#1: nginx/1.21.5
2022/04/08 11:12:43 [notice] 1#1: built by gcc 10.2.1 20210110 (Debian 10.2.1-6) 
2022/04/08 11:12:43 [notice] 1#1: OS: Linux 5.10.16.3-microsoft-standard-WSL2
2022/04/08 11:12:43 [notice] 1#1: getrlimit(RLIMIT_NOFILE): 1048576:1048576
2022/04/08 11:12:43 [notice] 1#1: start worker processes
2022/04/08 11:12:43 [notice] 1#1: start worker process 22
2022/04/08 11:12:43 [notice] 1#1: start worker process 23
2022/04/08 11:12:43 [notice] 1#1: start worker process 24
2022/04/08 11:12:43 [notice] 1#1: start worker process 25
2022/04/08 11:12:43 [notice] 1#1: start worker process 26
2022/04/08 11:12:43 [notice] 1#1: start worker process 27
2022/04/08 11:12:43 [notice] 1#1: start worker process 28
2022/04/08 11:12:43 [notice] 1#1: start worker process 29
2022/04/08 11:12:43 [notice] 1#1: start worker process 30
2022/04/08 11:12:43 [notice] 1#1: start worker process 31
2022/04/08 11:12:43 [notice] 1#1: start worker process 32
2022/04/08 11:12:43 [notice] 1#1: start worker process 33
2022/04/08 11:12:43 [notice] 1#1: start worker process 34
2022/04/08 11:12:43 [notice] 1#1: start worker process 35
2022/04/08 11:12:43 [notice] 1#1: start worker process 36
2022/04/08 11:12:43 [notice] 1#1: start worker process 37
2022/04/08 13:31:59 [notice] 1#1: signal 3 (SIGQUIT) received, shutting down
2022/04/08 13:31:59 [notice] 22#22: gracefully shutting down
2022/04/08 13:31:59 [notice] 24#24: gracefully shutting down
2022/04/08 13:31:59 [notice] 23#23: gracefully shutting down
2022/04/08 13:31:59 [notice] 29#29: gracefully shutting down
2022/04/08 13:31:59 [notice] 35#35: gracefully shutting down
2022/04/08 13:31:59 [notice] 36#36: gracefully shutting down
2022/04/08 13:31:59 [notice] 27#27: gracefully shutting down
2022/04/08 13:31:59 [notice] 30#30: gracefully shutting down
2022/04/08 13:31:59 [notice] 31#31: gracefully shutting down
2022/04/08 13:31:59 [notice] 37#37: gracefully shutting down
2022/04/08 13:31:59 [notice] 25#25: gracefully shutting down
2022/04/08 13:31:59 [notice] 32#32: gracefully shutting down
2022/04/08 13:31:59 [notice] 33#33: gracefully shutting down
2022/04/08 13:31:59 [notice] 26#26: gracefully shutting down
2022/04/08 13:31:59 [notice] 28#28: gracefully shutting down
2022/04/08 13:31:59 [notice] 22#22: exiting
2022/04/08 13:31:59 [notice] 34#34: gracefully shutting down
2022/04/08 13:31:59 [notice] 24#24: exiting
2022/04/08 13:31:59 [notice] 23#23: exiting
2022/04/08 13:31:59 [notice] 29#29: exiting
2022/04/08 13:31:59 [notice] 35#35: exiting
2022/04/08 13:31:59 [notice] 36#36: exiting
2022/04/08 13:31:59 [notice] 27#27: exiting
2022/04/08 13:31:59 [notice] 30#30: exiting
2022/04/08 13:31:59 [notice] 31#31: exiting
2022/04/08 13:31:59 [notice] 34#34: exiting
2022/04/08 13:31:59 [notice] 37#37: exiting
2022/04/08 13:31:59 [notice] 25#25: exiting
2022/04/08 13:31:59 [notice] 32#32: exiting
2022/04/08 13:31:59 [notice] 33#33: exiting
2022/04/08 13:31:59 [notice] 26#26: exiting
2022/04/08 13:31:59 [notice] 28#28: exiting
2022/04/08 13:31:59 [notice] 22#22: exit
2022/04/08 13:31:59 [notice] 24#24: exit
2022/04/08 13:31:59 [notice] 23#23: exit
2022/04/08 13:31:59 [notice] 29#29: exit
2022/04/08 13:31:59 [notice] 35#35: exit
2022/04/08 13:31:59 [notice] 36#36: exit
2022/04/08 13:31:59 [notice] 27#27: exit
2022/04/08 13:31:59 [notice] 30#30: exit
2022/04/08 13:31:59 [notice] 31#31: exit
2022/04/08 13:31:59 [notice] 34#34: exit
2022/04/08 13:31:59 [notice] 37#37: exit
2022/04/08 13:31:59 [notice] 25#25: exit
2022/04/08 13:31:59 [notice] 32#32: exit
2022/04/08 13:31:59 [notice] 33#33: exit
2022/04/08 13:31:59 [notice] 26#26: exit
2022/04/08 13:31:59 [notice] 28#28: exit
2022/04/08 13:31:59 [notice] 1#1: signal 17 (SIGCHLD) received from 35
2022/04/08 13:31:59 [notice] 1#1: worker process 22 exited with code 0
2022/04/08 13:31:59 [notice] 1#1: worker process 24 exited with code 0
2022/04/08 13:31:59 [notice] 1#1: worker process 27 exited with code 0
2022/04/08 13:31:59 [notice] 1#1: worker process 35 exited with code 0
2022/04/08 13:31:59 [notice] 1#1: worker process 36 exited with code 0
2022/04/08 13:31:59 [notice] 1#1: signal 29 (SIGIO) received
2022/04/08 13:31:59 [notice] 1#1: signal 17 (SIGCHLD) received from 22
2022/04/08 13:31:59 [notice] 1#1: worker process 23 exited with code 0
2022/04/08 13:31:59 [notice] 1#1: worker process 25 exited with code 0
2022/04/08 13:31:59 [notice] 1#1: worker process 26 exited with code 0
2022/04/08 13:31:59 [notice] 1#1: worker process 28 exited with code 0
2022/04/08 13:31:59 [notice] 1#1: worker process 29 exited with code 0
2022/04/08 13:31:59 [notice] 1#1: worker process 30 exited with code 0
2022/04/08 13:31:59 [notice] 1#1: worker process 31 exited with code 0
2022/04/08 13:31:59 [notice] 1#1: worker process 33 exited with code 0
2022/04/08 13:31:59 [notice] 1#1: worker process 32 exited with code 0
2022/04/08 13:31:59 [notice] 1#1: worker process 34 exited with code 0
2022/04/08 13:31:59 [notice] 1#1: worker process 37 exited with code 0
2022/04/08 13:31:59 [notice] 1#1: exit
2022/04/08 13:32:02 [notice] 1#1: using the "epoll" event method
2022/04/08 13:32:02 [notice] 1#1: nginx/1.21.5
2022/04/08 13:32:02 [notice] 1#1: built by gcc 10.2.1 20210110 (Debian 10.2.1-6) 
2022/04/08 13:32:02 [notice] 1#1: OS: Linux 5.10.16.3-microsoft-standard-WSL2
2022/04/08 13:32:02 [notice] 1#1: getrlimit(RLIMIT_NOFILE): 1048576:1048576
